# JRE version: Java(TM) SE Runtime Environment (8.0_65-b17) (build 1.8.0_65-b17)
# Java VM: Java HotSpot(TM) 64-Bit Server VM (25.65-b01 mixed mode windows-amd64 compressed oops)
Heap:
 PSYoungGen      total 192512K, used 188057K [0x00000000eab00000, 0x00000000fa880000, 0x0000000100000000)
  eden space 173568K, 97% used [0x00000000eab00000,0x00000000f5027e80,0x00000000f5480000)
  from space 18944K, 99% used [0x00000000f5480000,0x00000000f66fe6c8,0x00000000f6700000)
  to   space 26624K, 0% used [0x00000000f8e80000,0x00000000f8e80000,0x00000000fa880000)
 ParOldGen       total 119296K, used 40475K [0x00000000c0000000, 0x00000000c7480000, 0x00000000eab00000)
  object space 119296K, 33% used [0x00000000c0000000,0x00000000c2786f68,0x00000000c7480000)
 Metaspace       used 50800K, capacity 52522K, committed 52648K, reserved 1093632K
  class space    used 7019K, capacity 7489K, committed 7592K, reserved 1048576K
GC Heap History (10 events):
Event: 5.211 GC heap before
{Heap before GC invocations=7 (full 1):
 PSYoungGen      total 138240K, used 106096K [0x00000000eab00000, 0x00000000f4780000, 0x0000000100000000)
  eden space 133120K, 75% used [0x00000000eab00000,0x00000000f0da1aa8,0x00000000f2d00000)
  from space 5120K, 99% used [0x00000000f2d00000,0x00000000f31fa938,0x00000000f3200000)
  to   space 12800K, 0% used [0x00000000f3b00000,0x00000000f3b00000,0x00000000f4780000)
 ParOldGen       total 73728K, used 18883K [0x00000000c0000000, 0x00000000c4800000, 0x00000000eab00000)
  object space 73728K, 25% used [0x00000000c0000000,0x00000000c1270e18,0x00000000c4800000)
 Metaspace       used 34584K, capacity 35432K, committed 35496K, reserved 1079296K
  class space    used 4759K, capacity 4998K, committed 5032K, reserved 1048576K
Event: 5.253 GC heap after
Heap after GC invocations=7 (full 1):
 PSYoungGen      total 142848K, used 12773K [0x00000000eab00000, 0x00000000f8c80000, 0x0000000100000000)
  eden space 130048K, 0% used [0x00000000eab00000,0x00000000eab00000,0x00000000f2a00000)
  from space 12800K, 99% used [0x00000000f3b00000,0x00000000f4779720,0x00000000f4780000)
  to   space 17408K, 0% used [0x00000000f2a00000,0x00000000f2a00000,0x00000000f3b00000)
 ParOldGen       total 73728K, used 23461K [0x00000000c0000000, 0x00000000c4800000, 0x00000000eab00000)
  object space 73728K, 31% used [0x00000000c0000000,0x00000000c16e9408,0x00000000c4800000)
 Metaspace       used 34584K, capacity 35432K, committed 35496K, reserved 1079296K
  class space    used 4759K, capacity 4998K, committed 5032K, reserved 1048576K
}
Event: 5.253 GC heap before
{Heap before GC invocations=8 (full 2):
 PSYoungGen      total 142848K, used 12773K [0x00000000eab00000, 0x00000000f8c80000, 0x0000000100000000)
  eden space 130048K, 0% used [0x00000000eab00000,0x00000000eab00000,0x00000000f2a00000)
  from space 12800K, 99% used [0x00000000f3b00000,0x00000000f4779720,0x00000000f4780000)
  to   space 17408K, 0% used [0x00000000f2a00000,0x00000000f2a00000,0x00000000f3b00000)
 ParOldGen       total 73728K, used 23461K [0x00000000c0000000, 0x00000000c4800000, 0x00000000eab00000)
  object space 73728K, 31% used [0x00000000c0000000,0x00000000c16e9408,0x00000000c4800000)
 Metaspace       used 34584K, capacity 35432K, committed 35496K, reserved 1079296K
  class space    used 4759K, capacity 4998K, committed 5032K, reserved 1048576K
Event: 5.423 GC heap after
Heap after GC invocations=8 (full 2):
 PSYoungGen      total 142848K, used 0K [0x00000000eab00000, 0x00000000f8c80000, 0x0000000100000000)
  eden space 130048K, 0% used [0x00000000eab00000,0x00000000eab00000,0x00000000f2a00000)
  from space 12800K, 0% used [0x00000000f3b00000,0x00000000f3b00000,0x00000000f4780000)
  to   space 17408K, 0% used [0x00000000f2a00000,0x00000000f2a00000,0x00000000f3b00000)
 ParOldGen       total 119296K, used 25979K [0x00000000c0000000, 0x00000000c7480000, 0x00000000eab00000)
  object space 119296K, 21% used [0x00000000c0000000,0x00000000c195ed98,0x00000000c7480000)
 Metaspace       used 34584K, capacity 35432K, committed 35496K, reserved 1079296K
  class space    used 4759K, capacity 4998K, committed 5032K, reserved 1048576K
}
Event: 6.149 GC heap before
{Heap before GC invocations=9 (full 2):
 PSYoungGen      total 142848K, used 130048K [0x00000000eab00000, 0x00000000f8c80000, 0x0000000100000000)
  eden space 130048K, 100% used [0x00000000eab00000,0x00000000f2a00000,0x00000000f2a00000)
  from space 12800K, 0% used [0x00000000f3b00000,0x00000000f3b00000,0x00000000f4780000)
  to   space 17408K, 0% used [0x00000000f2a00000,0x00000000f2a00000,0x00000000f3b00000)
 ParOldGen       total 119296K, used 25979K [0x00000000c0000000, 0x00000000c7480000, 0x00000000eab00000)
  object space 119296K, 21% used [0x00000000c0000000,0x00000000c195ed98,0x00000000c7480000)
 Metaspace       used 40010K, capacity 40934K, committed 41128K, reserved 1085440K
  class space    used 5451K, capacity 5707K, committed 5800K, reserved 1048576K
Event: 6.157 GC heap after
Heap after GC invocations=9 (full 2):
 PSYoungGen      total 147456K, used 9317K [0x00000000eab00000, 0x00000000f7880000, 0x0000000100000000)
  eden space 130048K, 0% used [0x00000000eab00000,0x00000000eab00000,0x00000000f2a00000)
  from space 17408K, 53% used [0x00000000f2a00000,0x00000000f33197c0,0x00000000f3b00000)
  to   space 16384K, 0% used [0x00000000f6880000,0x00000000f6880000,0x00000000f7880000)
 ParOldGen       total 119296K, used 26051K [0x00000000c0000000, 0x00000000c7480000, 0x00000000eab00000)
  object space 119296K, 21% used [0x00000000c0000000,0x00000000c1970da8,0x00000000c7480000)
 Metaspace       used 40010K, capacity 40934K, committed 41128K, reserved 1085440K
  class space    used 5451K, capacity 5707K, committed 5800K, reserved 1048576K
}
Event: 8.443 GC heap before
{Heap before GC invocations=10 (full 2):
 PSYoungGen      total 147456K, used 139365K [0x00000000eab00000, 0x00000000f7880000, 0x0000000100000000)
  eden space 130048K, 100% used [0x00000000eab00000,0x00000000f2a00000,0x00000000f2a00000)
  from space 17408K, 53% used [0x00000000f2a00000,0x00000000f33197c0,0x00000000f3b00000)
  to   space 16384K, 0% used [0x00000000f6880000,0x00000000f6880000,0x00000000f7880000)
 ParOldGen       total 119296K, used 26051K [0x00000000c0000000, 0x00000000c7480000, 0x00000000eab00000)
  object space 119296K, 21% used [0x00000000c0000000,0x00000000c1970da8,0x00000000c7480000)
 Metaspace       used 44807K, capacity 45870K, committed 46120K, reserved 1089536K
  class space    used 6205K, capacity 6420K, committed 6440K, reserved 1048576K
Event: 8.467 GC heap after
Heap after GC invocations=10 (full 2):
 PSYoungGen      total 189952K, used 16352K [0x00000000eab00000, 0x00000000f7980000, 0x0000000100000000)
  eden space 173568K, 0% used [0x00000000eab00000,0x00000000eab00000,0x00000000f5480000)
  from space 16384K, 99% used [0x00000000f6880000,0x00000000f78782c0,0x00000000f7880000)
  to   space 18944K, 0% used [0x00000000f5480000,0x00000000f5480000,0x00000000f6700000)
 ParOldGen       total 119296K, used 27300K [0x00000000c0000000, 0x00000000c7480000, 0x00000000eab00000)
  object space 119296K, 22% used [0x00000000c0000000,0x00000000c1aa93b0,0x00000000c7480000)
 Metaspace       used 44807K, capacity 45870K, committed 46120K, reserved 1089536K
  class space    used 6205K, capacity 6420K, committed 6440K, reserved 1048576K
}
Event: 10.299 GC heap before
{Heap before GC invocations=11 (full 2):
 PSYoungGen      total 189952K, used 189920K [0x00000000eab00000, 0x00000000f7980000, 0x0000000100000000)
  eden space 173568K, 100% used [0x00000000eab00000,0x00000000f5480000,0x00000000f5480000)
  from space 16384K, 99% used [0x00000000f6880000,0x00000000f78782c0,0x00000000f7880000)
  to   space 18944K, 0% used [0x00000000f5480000,0x00000000f5480000,0x00000000f6700000)
 ParOldGen       total 119296K, used 27300K [0x00000000c0000000, 0x00000000c7480000, 0x00000000eab00000)
  object space 119296K, 22% used [0x00000000c0000000,0x00000000c1aa93b0,0x00000000c7480000)
 Metaspace       used 49264K, capacity 50910K, committed 51112K, reserved 1093632K
  class space    used 6825K, capacity 7232K, committed 7336K, reserved 1048576K
Event: 10.322 GC heap after
Heap after GC invocations=11 (full 2):
 PSYoungGen      total 192512K, used 18937K [0x00000000eab00000, 0x00000000fa880000, 0x0000000100000000)
  eden space 173568K, 0% used [0x00000000eab00000,0x00000000eab00000,0x00000000f5480000)
  from space 18944K, 99% used [0x00000000f5480000,0x00000000f66fe6c8,0x00000000f6700000)
  to   space 26624K, 0% used [0x00000000f8e80000,0x00000000f8e80000,0x00000000fa880000)
 ParOldGen       total 119296K, used 40475K [0x00000000c0000000, 0x00000000c7480000, 0x00000000eab00000)
  object space 119296K, 33% used [0x00000000c0000000,0x00000000c2786f68,0x00000000c7480000)
 Metaspace       used 49264K, capacity 50910K, committed 51112K, reserved 1093632K
  class space    used 6825K, capacity 7232K, committed 7336K, reserved 1048576K
}

